2019-01-03 17:13:25,263 - BrowserEngine - INFO - you had select Chrome browser.
2019-01-03 17:13:25,263 - BrowserEngine - INFO - The test server url is:http://192.168.0.133:7001/ApprBase/login.do?method=ApprBase
2019-01-03 17:13:29,723 - BrowserEngine - INFO - Starting chrome browser.
2019-01-03 17:13:30,730 - BrowserEngine - INFO - Open url:http://192.168.0.133:7001/ApprBase/login.do?method=ApprBase
2019-01-03 17:13:31,838 - BrowserEngine - INFO - Maxmize the current window.
2019-01-03 17:13:31,842 - BrowserEngine - INFO - Set implicitly wait 8 seconds.
2019-01-03 17:13:31,901 - BasePage - INFO - Had find the element '  ' successful by id via value: j_username 
2019-01-03 17:13:31,977 - BasePage - INFO - Had type ' ceshi1 ' in inputBox
2019-01-03 17:13:32,000 - BasePage - INFO - Had find the element '  ' successful by id via value: j_password 
2019-01-03 17:13:32,065 - BasePage - INFO - Had type ' abc123456! ' in inputBox
2019-01-03 17:13:32,091 - BasePage - INFO - Had find the element ' 登    录 ' successful by xpath via value: //*[@id='login-tabs-item']/div/div[2]/div/div[1]/div/a[1] 
2019-01-03 17:13:32,388 - BasePage - INFO - The element ' 登    录 ' was clicked.
2019-01-03 17:13:34,427 - BasePage - INFO - had wait for the element: 欢迎您！
2019-01-03 17:13:34,454 - BasePage - INFO - Had find the element ' 个人待办 ' successful by xpath via value: //*[@id="j-nav"]/li[2]/a/span 
2019-01-03 17:13:34,471 - BasePage - INFO - mouse stop on the element
2019-01-03 17:13:34,496 - BasePage - INFO - Had find the element '  ' successful by xpath via value: //*[@id="j-033-tree"]/ul/li/a 
2019-01-03 17:13:44,565 - BasePage - ERROR - NoSuchElementException: Message: no such element: Unable to locate element: {"method":"id","selector":"nav_sbcl"}
  (Session info: headless chrome=71.0.3578.98)
  (Driver info: chromedriver=2.37.544315 (730aa6a5fdba159ac9f4c1e8cbc59bf1b5ce12b7),platform=Windows NT 6.1.7601 SP1 x86_64)

2019-01-03 17:13:44,880 - BasePage - INFO - Had take screenshot and save to folder : /screenshots
2019-01-03 17:13:44,884 - BasePage - INFO - had came back to the main frame
2019-01-03 17:13:44,885 - BasePage - INFO - had came back to the main frame
2019-01-03 17:13:54,911 - BasePage - ERROR - NoSuchElementException: Message: no such element: Unable to locate element: {"method":"id","selector":"doSave"}
  (Session info: headless chrome=71.0.3578.98)
  (Driver info: chromedriver=2.37.544315 (730aa6a5fdba159ac9f4c1e8cbc59bf1b5ce12b7),platform=Windows NT 6.1.7601 SP1 x86_64)

2019-01-03 17:13:55,247 - BasePage - INFO - Had take screenshot and save to folder : /screenshots
2019-01-03 17:14:05,266 - BasePage - ERROR - NoSuchElementException: Message: no such element: Unable to locate element: {"method":"id","selector":"doSave"}
  (Session info: headless chrome=71.0.3578.98)
  (Driver info: chromedriver=2.37.544315 (730aa6a5fdba159ac9f4c1e8cbc59bf1b5ce12b7),platform=Windows NT 6.1.7601 SP1 x86_64)

2019-01-03 17:14:05,588 - BasePage - INFO - Had take screenshot and save to folder : /screenshots
2019-01-03 17:14:15,621 - BasePage - ERROR - NoSuchElementException: Message: no such element: Unable to locate element: {"method":"id","selector":"doSend"}
  (Session info: headless chrome=71.0.3578.98)
  (Driver info: chromedriver=2.37.544315 (730aa6a5fdba159ac9f4c1e8cbc59bf1b5ce12b7),platform=Windows NT 6.1.7601 SP1 x86_64)

2019-01-03 17:14:15,963 - BasePage - INFO - Had take screenshot and save to folder : /screenshots
2019-01-03 17:14:25,967 - BasePage - ERROR - NoSuchElementException: Message: no such element: Unable to locate element: {"method":"id","selector":"doSave"}
  (Session info: headless chrome=71.0.3578.98)
  (Driver info: chromedriver=2.37.544315 (730aa6a5fdba159ac9f4c1e8cbc59bf1b5ce12b7),platform=Windows NT 6.1.7601 SP1 x86_64)

2019-01-03 17:14:26,289 - BasePage - INFO - Had take screenshot and save to folder : /screenshots
2019-01-03 17:14:36,332 - BasePage - ERROR - NoSuchElementException: Message: no such element: Unable to locate element: {"method":"id","selector":"doSave"}
  (Session info: headless chrome=71.0.3578.98)
  (Driver info: chromedriver=2.37.544315 (730aa6a5fdba159ac9f4c1e8cbc59bf1b5ce12b7),platform=Windows NT 6.1.7601 SP1 x86_64)

2019-01-03 17:14:36,619 - BasePage - INFO - Had take screenshot and save to folder : /screenshots
2019-01-03 17:14:46,654 - BasePage - ERROR - NoSuchElementException: Message: no such element: Unable to locate element: {"method":"id","selector":"doSave"}
  (Session info: headless chrome=71.0.3578.98)
  (Driver info: chromedriver=2.37.544315 (730aa6a5fdba159ac9f4c1e8cbc59bf1b5ce12b7),platform=Windows NT 6.1.7601 SP1 x86_64)

2019-01-03 17:14:47,005 - BasePage - INFO - Had take screenshot and save to folder : /screenshots
2019-01-03 17:14:57,019 - BasePage - ERROR - NoSuchElementException: Message: no such element: Unable to locate element: {"method":"id","selector":"doSave"}
  (Session info: headless chrome=71.0.3578.98)
  (Driver info: chromedriver=2.37.544315 (730aa6a5fdba159ac9f4c1e8cbc59bf1b5ce12b7),platform=Windows NT 6.1.7601 SP1 x86_64)

2019-01-03 17:14:57,351 - BasePage - INFO - Had take screenshot and save to folder : /screenshots
2019-01-03 17:15:07,375 - BasePage - ERROR - NoSuchElementException: Message: no such element: Unable to locate element: {"method":"id","selector":"doSave"}
  (Session info: headless chrome=71.0.3578.98)
  (Driver info: chromedriver=2.37.544315 (730aa6a5fdba159ac9f4c1e8cbc59bf1b5ce12b7),platform=Windows NT 6.1.7601 SP1 x86_64)

2019-01-03 17:15:07,700 - BasePage - INFO - Had take screenshot and save to folder : /screenshots
