2019-01-03 17:25:14,418 - BrowserEngine - INFO - you had select Chrome browser.
2019-01-03 17:25:14,418 - BrowserEngine - INFO - The test server url is:http://192.168.0.133:7001/ApprBase/login.do?method=ApprBase
2019-01-03 17:25:18,887 - BrowserEngine - INFO - Starting chrome browser.
2019-01-03 17:25:19,371 - BrowserEngine - INFO - Open url:http://192.168.0.133:7001/ApprBase/login.do?method=ApprBase
2019-01-03 17:25:20,493 - BrowserEngine - INFO - Maxmize the current window.
2019-01-03 17:25:20,499 - BrowserEngine - INFO - Set implicitly wait 8 seconds.
2019-01-03 17:25:20,546 - BasePage - INFO - Had find the element '  ' successful by id via value: j_username 
2019-01-03 17:25:20,599 - BasePage - INFO - Had type ' ceshi1 ' in inputBox
2019-01-03 17:25:20,624 - BasePage - INFO - Had find the element '  ' successful by id via value: j_password 
2019-01-03 17:25:20,687 - BasePage - INFO - Had type ' abc123456! ' in inputBox
2019-01-03 17:25:20,711 - BasePage - INFO - Had find the element ' 登    录 ' successful by xpath via value: //*[@id='login-tabs-item']/div/div[2]/div/div[1]/div/a[1] 
2019-01-03 17:25:21,036 - BasePage - INFO - The element ' 登    录 ' was clicked.
2019-01-03 17:25:23,086 - BasePage - INFO - had wait for the element: 欢迎您！
2019-01-03 17:25:23,115 - BasePage - INFO - Had find the element '  ' successful by xpath via value: //*[@href="/ApprControl/apprItem/toItemDefToAcceptNew.do?isFta=0"] 
2019-01-03 17:25:23,137 - BasePage - INFO - had click the button:
2019-01-03 17:25:24,144 - BasePage - INFO - had came back to the main frame
2019-01-03 17:25:34,229 - BasePage - ERROR - NoSuchElementException: Message: no such element: Unable to locate element: {"method":"id","selector":"nav_sbcl"}
  (Session info: headless chrome=71.0.3578.98)
  (Driver info: chromedriver=2.37.544315 (730aa6a5fdba159ac9f4c1e8cbc59bf1b5ce12b7),platform=Windows NT 6.1.7601 SP1 x86_64)

2019-01-03 17:25:34,548 - BasePage - INFO - Had take screenshot and save to folder : /screenshots
2019-01-03 17:25:34,551 - BasePage - INFO - had came back to the main frame
2019-01-03 17:25:34,555 - BasePage - INFO - had came back to the main frame
2019-01-03 17:25:44,585 - BasePage - ERROR - NoSuchElementException: Message: no such element: Unable to locate element: {"method":"id","selector":"doSave"}
  (Session info: headless chrome=71.0.3578.98)
  (Driver info: chromedriver=2.37.544315 (730aa6a5fdba159ac9f4c1e8cbc59bf1b5ce12b7),platform=Windows NT 6.1.7601 SP1 x86_64)

2019-01-03 17:25:44,914 - BasePage - INFO - Had take screenshot and save to folder : /screenshots
2019-01-03 17:25:54,961 - BasePage - ERROR - NoSuchElementException: Message: no such element: Unable to locate element: {"method":"id","selector":"doSave"}
  (Session info: headless chrome=71.0.3578.98)
  (Driver info: chromedriver=2.37.544315 (730aa6a5fdba159ac9f4c1e8cbc59bf1b5ce12b7),platform=Windows NT 6.1.7601 SP1 x86_64)

2019-01-03 17:25:55,246 - BasePage - INFO - Had take screenshot and save to folder : /screenshots
2019-01-03 17:26:05,263 - BasePage - ERROR - NoSuchElementException: Message: no such element: Unable to locate element: {"method":"id","selector":"doSend"}
  (Session info: headless chrome=71.0.3578.98)
  (Driver info: chromedriver=2.37.544315 (730aa6a5fdba159ac9f4c1e8cbc59bf1b5ce12b7),platform=Windows NT 6.1.7601 SP1 x86_64)

2019-01-03 17:26:05,566 - BasePage - INFO - Had take screenshot and save to folder : /screenshots
2019-01-03 17:26:15,581 - BasePage - ERROR - NoSuchElementException: Message: no such element: Unable to locate element: {"method":"id","selector":"doSave"}
  (Session info: headless chrome=71.0.3578.98)
  (Driver info: chromedriver=2.37.544315 (730aa6a5fdba159ac9f4c1e8cbc59bf1b5ce12b7),platform=Windows NT 6.1.7601 SP1 x86_64)

2019-01-03 17:26:15,881 - BasePage - INFO - Had take screenshot and save to folder : /screenshots
2019-01-03 17:26:25,888 - BasePage - ERROR - NoSuchElementException: Message: no such element: Unable to locate element: {"method":"id","selector":"doSave"}
  (Session info: headless chrome=71.0.3578.98)
  (Driver info: chromedriver=2.37.544315 (730aa6a5fdba159ac9f4c1e8cbc59bf1b5ce12b7),platform=Windows NT 6.1.7601 SP1 x86_64)

2019-01-03 17:26:26,206 - BasePage - INFO - Had take screenshot and save to folder : /screenshots
2019-01-03 17:26:36,230 - BasePage - ERROR - NoSuchElementException: Message: no such element: Unable to locate element: {"method":"id","selector":"doSave"}
  (Session info: headless chrome=71.0.3578.98)
  (Driver info: chromedriver=2.37.544315 (730aa6a5fdba159ac9f4c1e8cbc59bf1b5ce12b7),platform=Windows NT 6.1.7601 SP1 x86_64)

2019-01-03 17:26:36,542 - BasePage - INFO - Had take screenshot and save to folder : /screenshots
2019-01-03 17:26:46,584 - BasePage - ERROR - NoSuchElementException: Message: no such element: Unable to locate element: {"method":"id","selector":"doSave"}
  (Session info: headless chrome=71.0.3578.98)
  (Driver info: chromedriver=2.37.544315 (730aa6a5fdba159ac9f4c1e8cbc59bf1b5ce12b7),platform=Windows NT 6.1.7601 SP1 x86_64)

2019-01-03 17:26:46,884 - BasePage - INFO - Had take screenshot and save to folder : /screenshots
2019-01-03 17:26:56,907 - BasePage - ERROR - NoSuchElementException: Message: no such element: Unable to locate element: {"method":"id","selector":"doSave"}
  (Session info: headless chrome=71.0.3578.98)
  (Driver info: chromedriver=2.37.544315 (730aa6a5fdba159ac9f4c1e8cbc59bf1b5ce12b7),platform=Windows NT 6.1.7601 SP1 x86_64)

2019-01-03 17:26:57,229 - BasePage - INFO - Had take screenshot and save to folder : /screenshots
