2019-01-03 17:36:16,944 - BrowserEngine - INFO - you had select Chrome browser.
2019-01-03 17:36:16,944 - BrowserEngine - INFO - The test server url is:http://192.168.0.133:7001/ApprBase/login.do?method=ApprBase
2019-01-03 17:36:21,398 - BrowserEngine - INFO - Starting chrome browser.
2019-01-03 17:36:21,984 - BrowserEngine - INFO - Open url:http://192.168.0.133:7001/ApprBase/login.do?method=ApprBase
2019-01-03 17:36:23,105 - BrowserEngine - INFO - Maxmize the current window.
2019-01-03 17:36:23,111 - BrowserEngine - INFO - Set implicitly wait 8 seconds.
2019-01-03 17:36:23,151 - BasePage - INFO - Had find the element '  ' successful by id via value: j_username 
2019-01-03 17:36:23,203 - BasePage - INFO - Had type ' ceshi1 ' in inputBox
2019-01-03 17:36:23,227 - BasePage - INFO - Had find the element '  ' successful by id via value: j_password 
2019-01-03 17:36:23,283 - BasePage - INFO - Had type ' abc123456! ' in inputBox
2019-01-03 17:36:23,308 - BasePage - INFO - Had find the element ' 登    录 ' successful by xpath via value: //*[@id='login-tabs-item']/div/div[2]/div/div[1]/div/a[1] 
2019-01-03 17:36:23,599 - BasePage - INFO - The element ' 登    录 ' was clicked.
2019-01-03 17:36:25,655 - BasePage - INFO - had wait for the element: 欢迎您！
2019-01-03 17:36:25,688 - BasePage - INFO - Had find the element '  ' successful by xpath via value: //*[@href="/ApprControl/apprItem/toItemDefToAcceptNew.do?isFta=0"] 
2019-01-03 17:36:25,711 - BasePage - INFO - had click the button:
2019-01-03 17:36:28,752 - BasePage - INFO - Had find the element '  ' successful by xpath via value: //iframe[@src='/ApprControl/apprItem/toItemDefToAcceptNew.do?isFta=0'] 
2019-01-03 17:36:28,755 - BasePage - INFO - had came back to the main frame
2019-01-03 17:36:28,776 - BasePage - INFO - had changed the frame
2019-01-03 17:36:34,816 - BasePage - INFO - Had find the element ' 窗口登记 ' successful by xpath via value: //*[@id="datagrid-row-r1-2-0"]/td[6]/div/a/font 
2019-01-03 17:36:35,194 - BasePage - INFO - The element ' 窗口登记 ' was clicked.
2019-01-03 17:36:35,196 - BasePage - INFO - had came back to the main frame
2019-01-03 17:36:40,201 - BasePage - INFO - switch to second window:CDwindow-0ECD0A336561F3424E9F2ABD28C4BFCC 
2019-01-03 17:36:41,279 - BasePage - INFO - had came back to the main frame
2019-01-03 17:36:41,312 - BasePage - INFO - had wait and changed frame
2019-01-03 17:36:42,355 - BasePage - INFO - Had find the element '  ' successful by xpath via value: //*[@id="selectCustQY"] 
2019-01-03 17:36:42,453 - BasePage - INFO - The element '  ' was clicked.
2019-01-03 17:36:42,460 - BasePage - INFO - had came back to the main frame
2019-01-03 17:36:42,464 - BasePage - INFO - had came back to the main frame
2019-01-03 17:36:42,538 - BasePage - INFO - had wait and changed frame
2019-01-03 17:36:42,892 - BasePage - INFO - had wait for the element: 
2019-01-03 17:36:42,914 - BasePage - INFO - Had find the element '  ' successful by xpath via value: //*[@id="datagrid-row-r1-1-6"]/td[2]/div/input 
2019-01-03 17:36:42,983 - BasePage - INFO - The element '  ' was clicked.
2019-01-03 17:36:43,006 - BasePage - INFO - Had find the element '  ' successful by xpath via value: //*[@id="selectedButton"] 
2019-01-03 17:36:43,226 - BasePage - INFO - The element '  ' was clicked.
2019-01-03 17:36:43,230 - BasePage - INFO - had came back to the main frame
2019-01-03 17:36:43,234 - BasePage - INFO - had came back to the main frame
2019-01-03 17:36:43,246 - BasePage - INFO - had changed the frame
2019-01-03 17:37:08,451 - BasePage - ERROR - NoSuchElementException: Message: no such element: Unable to locate element: {"method":"id","selector":"nav_sbcl"}
  (Session info: headless chrome=71.0.3578.98)
  (Driver info: chromedriver=2.37.544315 (730aa6a5fdba159ac9f4c1e8cbc59bf1b5ce12b7),platform=Windows NT 6.1.7601 SP1 x86_64)

2019-01-03 17:37:08,750 - BasePage - INFO - Had take screenshot and save to folder : /screenshots
2019-01-03 17:37:08,752 - BasePage - INFO - had came back to the main frame
2019-01-03 17:37:08,755 - BasePage - INFO - had came back to the main frame
2019-01-03 17:37:08,763 - BasePage - INFO - had changed the frame
2019-01-03 17:37:18,829 - BasePage - ERROR - NoSuchElementException: Message: no such element: Unable to locate element: {"method":"id","selector":"attaStatusSelect"}
  (Session info: headless chrome=71.0.3578.98)
  (Driver info: chromedriver=2.37.544315 (730aa6a5fdba159ac9f4c1e8cbc59bf1b5ce12b7),platform=Windows NT 6.1.7601 SP1 x86_64)

2019-01-03 17:37:19,127 - BasePage - INFO - Had take screenshot and save to folder : /screenshots
2019-01-03 17:37:29,144 - BasePage - ERROR - NoSuchElementException: Message: no such element: Unable to locate element: {"method":"id","selector":"doSave"}
  (Session info: headless chrome=71.0.3578.98)
  (Driver info: chromedriver=2.37.544315 (730aa6a5fdba159ac9f4c1e8cbc59bf1b5ce12b7),platform=Windows NT 6.1.7601 SP1 x86_64)

2019-01-03 17:37:29,490 - BasePage - INFO - Had take screenshot and save to folder : /screenshots
2019-01-03 17:37:39,519 - BasePage - ERROR - NoSuchElementException: Message: no such element: Unable to locate element: {"method":"id","selector":"doSave"}
  (Session info: headless chrome=71.0.3578.98)
  (Driver info: chromedriver=2.37.544315 (730aa6a5fdba159ac9f4c1e8cbc59bf1b5ce12b7),platform=Windows NT 6.1.7601 SP1 x86_64)

2019-01-03 17:37:39,844 - BasePage - INFO - Had take screenshot and save to folder : /screenshots
2019-01-03 17:37:49,868 - BasePage - ERROR - NoSuchElementException: Message: no such element: Unable to locate element: {"method":"id","selector":"doSend"}
  (Session info: headless chrome=71.0.3578.98)
  (Driver info: chromedriver=2.37.544315 (730aa6a5fdba159ac9f4c1e8cbc59bf1b5ce12b7),platform=Windows NT 6.1.7601 SP1 x86_64)

2019-01-03 17:37:50,174 - BasePage - INFO - Had take screenshot and save to folder : /screenshots
2019-01-03 17:38:00,197 - BasePage - ERROR - NoSuchElementException: Message: no such element: Unable to locate element: {"method":"id","selector":"doSave"}
  (Session info: headless chrome=71.0.3578.98)
  (Driver info: chromedriver=2.37.544315 (730aa6a5fdba159ac9f4c1e8cbc59bf1b5ce12b7),platform=Windows NT 6.1.7601 SP1 x86_64)

2019-01-03 17:38:00,569 - BasePage - INFO - Had take screenshot and save to folder : /screenshots
2019-01-03 17:38:10,578 - BasePage - ERROR - NoSuchElementException: Message: no such element: Unable to locate element: {"method":"id","selector":"doSave"}
  (Session info: headless chrome=71.0.3578.98)
  (Driver info: chromedriver=2.37.544315 (730aa6a5fdba159ac9f4c1e8cbc59bf1b5ce12b7),platform=Windows NT 6.1.7601 SP1 x86_64)

2019-01-03 17:38:10,901 - BasePage - INFO - Had take screenshot and save to folder : /screenshots
2019-01-03 17:38:20,908 - BasePage - ERROR - NoSuchElementException: Message: no such element: Unable to locate element: {"method":"id","selector":"doSave"}
  (Session info: headless chrome=71.0.3578.98)
  (Driver info: chromedriver=2.37.544315 (730aa6a5fdba159ac9f4c1e8cbc59bf1b5ce12b7),platform=Windows NT 6.1.7601 SP1 x86_64)

2019-01-03 17:38:21,244 - BasePage - INFO - Had take screenshot and save to folder : /screenshots
2019-01-03 17:38:31,282 - BasePage - ERROR - NoSuchElementException: Message: no such element: Unable to locate element: {"method":"id","selector":"doSave"}
  (Session info: headless chrome=71.0.3578.98)
  (Driver info: chromedriver=2.37.544315 (730aa6a5fdba159ac9f4c1e8cbc59bf1b5ce12b7),platform=Windows NT 6.1.7601 SP1 x86_64)

2019-01-03 17:38:31,601 - BasePage - INFO - Had take screenshot and save to folder : /screenshots
2019-01-03 17:38:41,630 - BasePage - ERROR - NoSuchElementException: Message: no such element: Unable to locate element: {"method":"id","selector":"doSave"}
  (Session info: headless chrome=71.0.3578.98)
  (Driver info: chromedriver=2.37.544315 (730aa6a5fdba159ac9f4c1e8cbc59bf1b5ce12b7),platform=Windows NT 6.1.7601 SP1 x86_64)

2019-01-03 17:38:41,969 - BasePage - INFO - Had take screenshot and save to folder : /screenshots
