2019-01-03 17:20:29,509 - BrowserEngine - INFO - you had select Chrome browser.
2019-01-03 17:20:29,509 - BrowserEngine - INFO - The test server url is:http://192.168.0.133:7001/ApprBase/login.do?method=ApprBase
2019-01-03 17:20:33,948 - BrowserEngine - INFO - Starting chrome browser.
2019-01-03 17:20:34,507 - BrowserEngine - INFO - Open url:http://192.168.0.133:7001/ApprBase/login.do?method=ApprBase
2019-01-03 17:20:35,621 - BrowserEngine - INFO - Maxmize the current window.
2019-01-03 17:20:35,624 - BrowserEngine - INFO - Set implicitly wait 8 seconds.
2019-01-03 17:20:35,664 - BasePage - INFO - Had find the element '  ' successful by id via value: j_username 
2019-01-03 17:20:35,720 - BasePage - INFO - Had type ' ceshi1 ' in inputBox
2019-01-03 17:20:35,744 - BasePage - INFO - Had find the element '  ' successful by id via value: j_password 
2019-01-03 17:20:35,805 - BasePage - INFO - Had type ' abc123456! ' in inputBox
2019-01-03 17:20:35,831 - BasePage - INFO - Had find the element ' 登    录 ' successful by xpath via value: //*[@id='login-tabs-item']/div/div[2]/div/div[1]/div/a[1] 
2019-01-03 17:20:36,390 - BasePage - INFO - The element ' 登    录 ' was clicked.
2019-01-03 17:20:38,457 - BasePage - INFO - had wait for the element: 欢迎您！
2019-01-03 17:20:38,486 - BasePage - INFO - Had find the element ' 个人待办 ' successful by xpath via value: //*[@id="j-nav"]/li[2]/a/span 
2019-01-03 17:20:38,505 - BasePage - INFO - mouse stop on the element
2019-01-03 17:20:38,530 - BasePage - INFO - Had find the element '  ' successful by xpath via value: //*[@id="j-033-tree"]/ul/li/a 
2019-01-03 17:20:48,617 - BasePage - ERROR - NoSuchElementException: Message: no such element: Unable to locate element: {"method":"id","selector":"nav_sbcl"}
  (Session info: headless chrome=71.0.3578.98)
  (Driver info: chromedriver=2.37.544315 (730aa6a5fdba159ac9f4c1e8cbc59bf1b5ce12b7),platform=Windows NT 6.1.7601 SP1 x86_64)

2019-01-03 17:20:48,930 - BasePage - INFO - Had take screenshot and save to folder : /screenshots
2019-01-03 17:20:48,934 - BasePage - INFO - had came back to the main frame
2019-01-03 17:20:48,937 - BasePage - INFO - had came back to the main frame
2019-01-03 17:20:58,976 - BasePage - ERROR - NoSuchElementException: Message: no such element: Unable to locate element: {"method":"id","selector":"doSave"}
  (Session info: headless chrome=71.0.3578.98)
  (Driver info: chromedriver=2.37.544315 (730aa6a5fdba159ac9f4c1e8cbc59bf1b5ce12b7),platform=Windows NT 6.1.7601 SP1 x86_64)

2019-01-03 17:20:59,305 - BasePage - INFO - Had take screenshot and save to folder : /screenshots
2019-01-03 17:21:09,315 - BasePage - ERROR - NoSuchElementException: Message: no such element: Unable to locate element: {"method":"id","selector":"doSave"}
  (Session info: headless chrome=71.0.3578.98)
  (Driver info: chromedriver=2.37.544315 (730aa6a5fdba159ac9f4c1e8cbc59bf1b5ce12b7),platform=Windows NT 6.1.7601 SP1 x86_64)

2019-01-03 17:21:09,650 - BasePage - INFO - Had take screenshot and save to folder : /screenshots
2019-01-03 17:21:19,683 - BasePage - ERROR - NoSuchElementException: Message: no such element: Unable to locate element: {"method":"id","selector":"doSend"}
  (Session info: headless chrome=71.0.3578.98)
  (Driver info: chromedriver=2.37.544315 (730aa6a5fdba159ac9f4c1e8cbc59bf1b5ce12b7),platform=Windows NT 6.1.7601 SP1 x86_64)

2019-01-03 17:21:20,000 - BasePage - INFO - Had take screenshot and save to folder : /screenshots
2019-01-03 17:21:30,012 - BasePage - ERROR - NoSuchElementException: Message: no such element: Unable to locate element: {"method":"id","selector":"doSave"}
  (Session info: headless chrome=71.0.3578.98)
  (Driver info: chromedriver=2.37.544315 (730aa6a5fdba159ac9f4c1e8cbc59bf1b5ce12b7),platform=Windows NT 6.1.7601 SP1 x86_64)

2019-01-03 17:21:30,351 - BasePage - INFO - Had take screenshot and save to folder : /screenshots
2019-01-03 17:21:40,374 - BasePage - ERROR - NoSuchElementException: Message: no such element: Unable to locate element: {"method":"id","selector":"doSave"}
  (Session info: headless chrome=71.0.3578.98)
  (Driver info: chromedriver=2.37.544315 (730aa6a5fdba159ac9f4c1e8cbc59bf1b5ce12b7),platform=Windows NT 6.1.7601 SP1 x86_64)

2019-01-03 17:21:40,719 - BasePage - INFO - Had take screenshot and save to folder : /screenshots
2019-01-03 17:21:50,772 - BasePage - ERROR - NoSuchElementException: Message: no such element: Unable to locate element: {"method":"id","selector":"doSave"}
  (Session info: headless chrome=71.0.3578.98)
  (Driver info: chromedriver=2.37.544315 (730aa6a5fdba159ac9f4c1e8cbc59bf1b5ce12b7),platform=Windows NT 6.1.7601 SP1 x86_64)

2019-01-03 17:21:51,142 - BasePage - INFO - Had take screenshot and save to folder : /screenshots
2019-01-03 17:22:01,157 - BasePage - ERROR - NoSuchElementException: Message: no such element: Unable to locate element: {"method":"id","selector":"doSave"}
  (Session info: headless chrome=71.0.3578.98)
  (Driver info: chromedriver=2.37.544315 (730aa6a5fdba159ac9f4c1e8cbc59bf1b5ce12b7),platform=Windows NT 6.1.7601 SP1 x86_64)

2019-01-03 17:22:01,502 - BasePage - INFO - Had take screenshot and save to folder : /screenshots
2019-01-03 17:22:11,556 - BasePage - ERROR - NoSuchElementException: Message: no such element: Unable to locate element: {"method":"id","selector":"doSave"}
  (Session info: headless chrome=71.0.3578.98)
  (Driver info: chromedriver=2.37.544315 (730aa6a5fdba159ac9f4c1e8cbc59bf1b5ce12b7),platform=Windows NT 6.1.7601 SP1 x86_64)

2019-01-03 17:22:11,861 - BasePage - INFO - Had take screenshot and save to folder : /screenshots
